<?xml version="1.0" encoding="UTF-8"?>
<testng-results ignored="0" total="4" passed="4" failed="0" skipped="0">
  <reporter-output>
  </reporter-output>
  <suite started-at="2023-04-14T15:52:56 IST" name="Suite" finished-at="2023-04-14T15:54:36 IST" duration-ms="99802">
    <groups>
    </groups>
    <test started-at="2023-04-14T15:52:56 IST" name="Submit Order" finished-at="2023-04-14T15:53:51 IST" duration-ms="54975">
      <class name="frameWork.RealMPro.EcomerceAppl">
        <test-method is-config="true" signature="initializeMethods()[pri:0, instance:frameWork.RealMPro.EcomerceAppl@15ff3e9e]" started-at="2023-04-14T15:52:56 IST" name="initializeMethods" finished-at="2023-04-14T15:53:29 IST" duration-ms="32869" status="PASS">
          <reporter-output>
          </reporter-output>
        </test-method> <!-- initializeMethods -->
        <test-method signature="submitOrder()[pri:0, instance:frameWork.RealMPro.EcomerceAppl@15ff3e9e]" started-at="2023-04-14T15:53:29 IST" name="submitOrder" finished-at="2023-04-14T15:53:38 IST" duration-ms="9050" status="PASS">
          <reporter-output>
          </reporter-output>
        </test-method> <!-- submitOrder -->
        <test-method is-config="true" signature="initializeMethods()[pri:0, instance:frameWork.RealMPro.EcomerceAppl@15ff3e9e]" started-at="2023-04-14T15:53:38 IST" name="initializeMethods" finished-at="2023-04-14T15:53:49 IST" duration-ms="10705" status="PASS">
          <reporter-output>
          </reporter-output>
        </test-method> <!-- initializeMethods -->
        <test-method signature="orderCheck()[pri:0, instance:frameWork.RealMPro.EcomerceAppl@15ff3e9e]" started-at="2023-04-14T15:53:49 IST" name="orderCheck" finished-at="2023-04-14T15:53:51 IST" depends-on-methods="frameWork.RealMPro.EcomerceAppl.submitOrder" duration-ms="2218" status="PASS">
          <reporter-output>
          </reporter-output>
        </test-method> <!-- orderCheck -->
      </class> <!-- frameWork.RealMPro.EcomerceAppl -->
    </test> <!-- Submit Order -->
    <test started-at="2023-04-14T15:53:53 IST" name="ErrorValidations" finished-at="2023-04-14T15:54:36 IST" duration-ms="43148">
      <class name="frameWork.RealMPro.EcomerceAppl_Error">
        <test-method is-config="true" signature="initializeMethods()[pri:0, instance:frameWork.RealMPro.EcomerceAppl_Error@3c19aaa5]" started-at="2023-04-14T15:53:53 IST" name="initializeMethods" finished-at="2023-04-14T15:54:09 IST" duration-ms="16754" status="PASS">
          <reporter-output>
          </reporter-output>
        </test-method> <!-- initializeMethods -->
        <test-method signature="chickingProduct()[pri:0, instance:frameWork.RealMPro.EcomerceAppl_Error@3c19aaa5]" started-at="2023-04-14T15:54:09 IST" name="chickingProduct" finished-at="2023-04-14T15:54:14 IST" duration-ms="4408" status="PASS">
          <reporter-output>
          </reporter-output>
        </test-method> <!-- chickingProduct -->
        <test-method is-config="true" signature="initializeMethods()[pri:0, instance:frameWork.RealMPro.EcomerceAppl_Error@3c19aaa5]" started-at="2023-04-14T15:54:14 IST" name="initializeMethods" finished-at="2023-04-14T15:54:35 IST" duration-ms="20792" status="PASS">
          <reporter-output>
          </reporter-output>
        </test-method> <!-- initializeMethods -->
        <test-method signature="submitOrder()[pri:0, instance:frameWork.RealMPro.EcomerceAppl_Error@3c19aaa5]" started-at="2023-04-14T15:54:35 IST" name="submitOrder" finished-at="2023-04-14T15:54:36 IST" duration-ms="1185" status="PASS">
          <reporter-output>
          </reporter-output>
        </test-method> <!-- submitOrder -->
      </class> <!-- frameWork.RealMPro.EcomerceAppl_Error -->
    </test> <!-- ErrorValidations -->
  </suite> <!-- Suite -->
</testng-results>
